Build started 19/05/2015 11:28:20 AM.
     1>Project "C:\Users\lachlan.jordon\Desktop\AIEProjects-StarterTemplate\Project1\Project1.vcxproj" on node 2 (Build target(s)).
     1>ClCompile:
         C:\Program Files (x86)\Microsoft Visual Studio 12.0\VC\bin\CL.exe /c /I"C:\Users\lachlan.jordon\Desktop\AIEProjects-StarterTemplate\AIE_GL\include\\" /I"C:\Users\lachlan.jordon\Desktop\AIEProjects-StarterTemplate\libraries\glfw3\include\GLFW\\" /I"C:\Users\lachlan.jordon\Desktop\AIEProjects-StarterTemplate\libraries\glew\include\\" /I"C:\Users\lachlan.jordon\Desktop\AIEProjects-StarterTemplate\Project1\include\\" /I"C:\Users\lachlan.jordon\Desktop\AIEProjects-StarterTemplate\libraries\glm\\" /Zi /nologo /W3 /WX- /O2 /Oi /Oy- /GL /D WIN32 /D NDEBUG /D _CONSOLE /D _UNICODE /D UNICODE /Gm- /EHsc /MD /GS /Gy /fp:precise /Zc:wchar_t /Zc:forScope /Fo"C:\Users\lachlan.jordon\Desktop\AIEProjects-StarterTemplate\CompilerJunk\Project1Release\\" /Fd"C:\Users\lachlan.jordon\Desktop\AIEProjects-StarterTemplate\CompilerJunk\Project1Release\vc120.pdb" /Gd /TP /analyze- /errorReport:prompt source\Game1.cpp
         Game1.cpp
     1>source\Game1.cpp(45): warning C4244: '-=' : conversion from 'float' to 'int', possible loss of data
     1>source\Game1.cpp(46): warning C4244: 'argument' : conversion from 'int' to 'float', possible loss of data
     1>source\Game1.cpp(49): warning C4244: '+=' : conversion from 'float' to 'int', possible loss of data
     1>source\Game1.cpp(54): warning C4244: '-=' : conversion from 'float' to 'int', possible loss of data
     1>source\Game1.cpp(55): warning C4244: 'argument' : conversion from 'int' to 'float', possible loss of data
     1>source\Game1.cpp(57): warning C4244: '+=' : conversion from 'float' to 'int', possible loss of data
     1>source\Game1.cpp(62): warning C4244: '+=' : conversion from 'float' to 'int', possible loss of data
     1>source\Game1.cpp(63): warning C4244: 'argument' : conversion from 'int' to 'float', possible loss of data
     1>source\Game1.cpp(65): warning C4244: '-=' : conversion from 'float' to 'int', possible loss of data
     1>source\Game1.cpp(70): warning C4244: '+=' : conversion from 'float' to 'int', possible loss of data
     1>source\Game1.cpp(71): warning C4244: 'argument' : conversion from 'int' to 'float', possible loss of data
     1>source\Game1.cpp(73): warning C4244: '-=' : conversion from 'float' to 'int', possible loss of data
     1>source\Game1.cpp(104): warning C4244: 'argument' : conversion from 'int' to 'float', possible loss of data
     1>source\Game1.cpp(107): warning C4244: 'argument' : conversion from 'int' to 'float', possible loss of data
       Link:
         C:\Program Files (x86)\Microsoft Visual Studio 12.0\VC\bin\link.exe /ERRORREPORT:PROMPT /OUT:"C:\Users\lachlan.jordon\Desktop\AIEProjects-StarterTemplate\Compiled\Project1Release\Project1.exe" /INCREMENTAL:NO /NOLOGO /LIBPATH:"C:\Users\lachlan.jordon\Desktop\AIEProjects-StarterTemplate\AIE_GL\bin\\" /LIBPATH:"C:\Users\lachlan.jordon\Desktop\AIEProjects-StarterTemplate\libraries\glew\lib\Release\Win32\\" /LIBPATH:"C:\Users\lachlan.jordon\Desktop\AIEProjects-StarterTemplate\libraries\glfw3\lib-vc2013\\" OpenGL32.lib AIE_GL.lib glew32.lib glfw3.lib kernel32.lib user32.lib gdi32.lib winspool.lib comdlg32.lib advapi32.lib shell32.lib ole32.lib oleaut32.lib uuid.lib odbc32.lib odbccp32.lib /MANIFEST /MANIFESTUAC:"level='asInvoker' uiAccess='false'" /manifest:embed /DEBUG /PDB:"C:\Users\lachlan.jordon\Desktop\AIEProjects-StarterTemplate\Compiled\Project1Release\Project1.pdb" /SUBSYSTEM:CONSOLE /OPT:REF /OPT:ICF /LTCG /TLBID:1 /DYNAMICBASE /NXCOMPAT /IMPLIB:"C:\Users\lachlan.jordon\Desktop\AIEProjects-StarterTemplate\Compiled\Project1Release\Project1.lib" /MACHINE:X86 /SAFESEH "C:\Users\lachlan.jordon\Desktop\AIEProjects-StarterTemplate\CompilerJunk\Project1Release\CollisionManager.obj"
         "C:\Users\lachlan.jordon\Desktop\AIEProjects-StarterTemplate\CompilerJunk\Project1Release\main.obj"
         "C:\Users\lachlan.jordon\Desktop\AIEProjects-StarterTemplate\CompilerJunk\Project1Release\Object.obj"
         "C:\Users\lachlan.jordon\Desktop\AIEProjects-StarterTemplate\CompilerJunk\Project1Release\Game1.obj"
         Generating code
     1>c:\users\lachlan.jordon\desktop\aieprojects-startertemplate\project1\collisionmanager.cpp(64): warning C4715: 'CollisionManager::DetectCollision' : not all control paths return a value
         Finished generating code
         Project1.vcxproj -> C:\Users\lachlan.jordon\Desktop\AIEProjects-StarterTemplate\Compiled\Project1Release\Project1.exe
     1>Done Building Project "C:\Users\lachlan.jordon\Desktop\AIEProjects-StarterTemplate\Project1\Project1.vcxproj" (Build target(s)).

Build succeeded.

Time Elapsed 00:00:01.20
